## net.sf.picard.metrics.StringHeader
# net.sf.picard.analysis.CollectInsertSizeMetrics HISTOGRAM_FILE=/srv/gsfs0/projects/gbsc/benchmark/giab/NA12878.clia/hugeseq-1.3/hc2/manual-QC/picard/CollectInsertSizeMetrics.pdf METRIC_ACCUMULATION_LEVEL=[ALL_READS] INPUT=/srv/gsfs0/projects/gbsc/benchmark/giab/NA12878.clia/hugeseq-1.3/hc2/manual-QC/SAMPLE.bam OUTPUT=/srv/gsfs0/projects/gbsc/benchmark/giab/NA12878.clia/hugeseq-1.3/hc2/manual-QC/picard/CollectInsertSizeMetrics.out REFERENCE_SEQUENCE=/srv/gs1/projects/scg/Resources/GATK/hg19/ucsc.hg19.fasta    DEVIATIONS=10.0 MINIMUM_PCT=0.05 ASSUME_SORTED=true STOP_AFTER=0 VERBOSITY=INFO QUIET=false VALIDATION_STRINGENCY=STRICT COMPRESSION_LEVEL=5 MAX_RECORDS_IN_RAM=500000 CREATE_INDEX=false CREATE_MD5_FILE=false
## net.sf.picard.metrics.StringHeader
# Started on: Wed Apr 02 15:30:45 PDT 2014

## METRICS CLASS	net.sf.picard.analysis.InsertSizeMetrics
MEDIAN_INSERT_SIZE	MEDIAN_ABSOLUTE_DEVIATION	MIN_INSERT_SIZE	MAX_INSERT_SIZE	MEAN_INSERT_SIZE	STANDARD_DEVIATION	READ_PAIRS	PAIR_ORIENTATION	WIDTH_OF_10_PERCENT	WIDTH_OF_20_PERCENT	WIDTH_OF_30_PERCENT	WIDTH_OF_40_PERCENT	WIDTH_OF_50_PERCENT	WIDTH_OF_60_PERCENT	WIDTH_OF_70_PERCENT	WIDTH_OF_80_PERCENT	WIDTH_OF_90_PERCENT	WIDTH_OF_99_PERCENT	SAMPLE	LIBRARY	READ_GROUP
290	38	1	249230519	290.430444	61.742891	610808551	FR	15	29	43	59	77	95	119	151	205	2707			

## HISTOGRAM	java.lang.Integer
insert_size	All_Reads.fr_count
1	1320
2	1447
3	1570
4	1520
5	1603
6	1579
7	1644
8	1612
9	1662
10	1701
11	1792
12	1764
13	1931
14	1848
15	1879
16	2063
17	2189
18	4150
19	4333
20	3310
21	2811
22	2937
23	3033
24	3003
25	3191
26	3283
27	3144
28	3467
29	3837
30	4489
31	4459
32	4641
33	4844
34	5006
35	5724
36	5851
37	5295
38	5928
39	5606
40	5577
41	5710
42	5968
43	6337
44	6317
45	6700
46	6962
47	7345
48	7712
49	8006
50	8654
51	9010
52	9421
53	9906
54	10425
55	11359
56	11333
57	11751
58	12691
59	14432
60	17012
61	14714
62	16282
63	17421
64	22794
65	25934
66	22841
67	23219
68	25239
69	29675
70	28000
71	28299
72	30408
73	32583
74	34264
75	36059
76	39002
77	41567
78	44127
79	48193
80	53459
81	55691
82	60220
83	65447
84	72781
85	79471
86	87423
87	95565
88	106858
89	119991
90	134692
91	150851
92	168498
93	192650
94	220661
95	252327
96	293705
97	342223
98	416167
99	565568
100	529231
101	361047
102	292885
103	242973
104	207502
105	181371
106	159857
107	142967
108	130281
109	119911
110	108363
111	100510
112	95093
113	90251
114	86346
115	82422
116	79652
117	78210
118	77862
119	77374
120	77137
121	76798
122	78340
123	78212
124	79608
125	81930
126	82795
127	84941
128	87919
129	90813
130	94322
131	94546
132	102642
133	111659
134	103144
135	105748
136	110084
137	112476
138	117239
139	121858
140	125140
141	130790
142	136670
143	141456
144	147878
145	153617
146	158841
147	164628
148	171174
149	177239
150	183156
151	190011
152	197016
153	203895
154	211594
155	219420
156	228667
157	236248
158	244797
159	254697
160	262373
161	273230
162	281846
163	293510
164	303492
165	315026
166	325666
167	338195
168	349682
169	362664
170	374695
171	386753
172	400668
173	415480
174	429319
175	444522
176	459624
177	475864
178	490996
179	509258
180	525919
181	543664
182	559298
183	578978
184	599821
185	620426
186	639925
187	660552
188	682694
189	706849
190	729399
191	752698
192	775455
193	801183
194	823909
195	853125
196	880105
197	907070
198	940963
199	968615
200	997329
201	1026816
202	1057821
203	1088246
204	1122801
205	1159027
206	1190197
207	1227007
208	1266120
209	1300865
210	1341637
211	1379094
212	1416284
213	1455904
214	1496322
215	1540043
216	1583102
217	1630269
218	1673941
219	1720813
220	1765873
221	1809670
222	1856203
223	1903614
224	1949664
225	2004652
226	2055172
227	2105880
228	2164339
229	2217012
230	2270334
231	2320654
232	2371789
233	2422042
234	2479098
235	2533391
236	2591934
237	2646789
238	2704445
239	2760093
240	2814774
241	2872683
242	2924337
243	2977026
244	3034395
245	3094621
246	3149841
247	3205565
248	3263116
249	3314810
250	3368954
251	3420188
252	3470700
253	3522326
254	3569318
255	3621373
256	3672508
257	3723415
258	3772388
259	3822075
260	3867854
261	3910950
262	3948182
263	3983811
264	4020278
265	4053411
266	4096550
267	4137316
268	4165807
269	4205692
270	4237159
271	4263794
272	4285961
273	4309688
274	4320716
275	4343907
276	4361409
277	4384701
278	4403925
279	4417081
280	4433112
281	4444027
282	4446251
283	4450503
284	4446604
285	4446558
286	4442976
287	4448526
288	4444673
289	4446270
290	4439014
291	4427288
292	4421106
293	4399866
294	4383867
295	4362309
296	4342976
297	4325945
298	4311796
299	4290816
300	4272196
301	4254039
302	4221638
303	4189861
304	4156971
305	4127800
306	4092671
307	4065227
308	4034038
309	4001634
310	3972501
311	3935544
312	3899076
313	3862716
314	3821819
315	3777291
316	3730247
317	3695233
318	3654433
319	3618667
320	3578915
321	3540148
322	3492002
323	3451637
324	3399107
325	3354176
326	3306396
327	3259355
328	3217258
329	3171440
330	3135037
331	3090990
332	3047715
333	2998082
334	2954773
335	2900540
336	2852867
337	2805953
338	2759749
339	2716912
340	2672639
341	2637670
342	2588303
343	2542077
344	2498181
345	2454392
346	2404995
347	2358685
348	2318114
349	2271173
350	2231922
351	2194789
352	2151744
353	2110109
354	2069626
355	2027086
356	1983012
357	1942443
358	1898711
359	1857315
360	1825132
361	1785558
362	1751070
363	1715623
364	1679814
365	1642114
366	1602954
367	1565691
368	1528745
369	1494295
370	1459462
371	1429454
372	1397507
373	1366662
374	1335815
375	1302994
376	1268076
377	1239471
378	1207714
379	1176525
380	1147369
381	1119853
382	1094534
383	1067909
384	1040926
385	1013989
386	989475
387	963107
388	937263
389	914145
390	888330
391	865854
392	844794
393	822499
394	800682
395	779189
396	759259
397	737482
398	715868
399	698929
400	675919
401	657789
402	639808
403	624142
404	607097
405	592913
406	573299
407	560043
408	542662
409	524977
410	509955
411	495939
412	482012
413	469383
414	455937
415	443765
416	429632
417	416563
418	407172
419	393082
420	380723
421	369147
422	359573
423	347222
424	337116
425	327608
426	316968
427	308078
428	299536
429	289869
430	281134
431	273193
432	264881
433	256529
434	250518
435	241625
436	233814
437	228246
438	221287
439	213385
440	206901
441	200536
442	193984
443	188637
444	184433
445	177757
446	173239
447	167103
448	161584
449	157176
450	151632
451	149343
452	142383
453	137386
454	133656
455	129532
456	126015
457	121881
458	117979
459	114396
460	110621
461	107519
462	104245
463	100378
464	97743
465	94555
466	91792
467	89446
468	86521
469	83661
470	81193
471	79121
472	75857
473	73526
474	71702
475	69420
476	67303
477	65586
478	62986
479	60922
480	59157
481	57567
482	55780
483	54533
484	53603
485	50528
486	48828
487	47848
488	45981
489	44065
490	43591
491	41500
492	40569
493	39411
494	38450
495	36758
496	35379
497	34985
498	33667
499	33377
500	31803
501	31127
502	29578
503	28833
504	27912
505	27395
506	26256
507	25305
508	24874
509	24294
510	23520
511	23002
512	22073
513	21843
514	20750
515	19935
516	19361
517	18853
518	18418
519	17897
520	17418
521	16887
522	16678
523	16215
524	15715
525	14955
526	14594
527	14319
528	14053
529	13579
530	13338
531	12848
532	12723
533	12022
534	11877
535	11403
536	11480
537	11092
538	10836
539	10304
540	10152
541	9968
542	9678
543	9320
544	9379
545	8894
546	8947
547	8530
548	8244
549	7872
550	8018
551	7739
552	7446
553	7361
554	7327
555	6892
556	6765
557	6694
558	6671
559	6569
560	6396
561	6294
562	5893
563	6065
564	5844
565	5620
566	5534
567	5519
568	5473
569	5298
570	5088
571	5046
572	4822
573	4715
574	4896
575	4453
576	4584
577	4491
578	4357
579	4261
580	4302
581	4054
582	4116
583	4085
584	4049
585	4015
586	3953
587	3852
588	3651
589	3727
590	3559
591	3469
592	3444
593	3411
594	3377
595	3349
596	3236
597	3234
598	3168
599	2938
600	2963
601	3027
602	2945
603	2930
604	2758
605	2835
606	2760
607	2735
608	2672
609	2595
610	2458
611	2450
612	2540
613	2371
614	2553
615	2455
616	2343
617	2230
618	2386
619	2317
620	2326
621	2176
622	2294
623	2099
624	2214
625	2270
626	2156
627	2142
628	2130
629	2028
630	2190
631	2041
632	2067
633	1991
634	2107
635	2021
636	2025
637	2001
638	1894
639	2027
640	1909
641	1861
642	1853
643	1895
644	1831
645	1794
646	1821
647	1864
648	1716
649	1760
650	1734
651	1756
652	1686
653	1649
654	1613
655	1688
656	1767
657	1590
658	1633
659	1600
660	1576
661	1589
662	1609
663	1509
664	1957
665	1504
666	1477
667	1481
668	1843
669	1444
670	1406

